# JRE version: OpenJDK Runtime Environment (11.0.3+7) (build 11.0.3+7-Ubuntu-1ubuntu218.10.1)
# Java VM: OpenJDK 64-Bit Server VM (11.0.3+7-Ubuntu-1ubuntu218.10.1, mixed mode, sharing, tiered, compressed oops, g1 gc, linux-amd64)
Heap:
 garbage-first heap   total 206848K, used 15057K [0x00000000d1000000, 0x0000000100000000)
  region size 1024K, 1 young (1024K), 1 survivors (1024K)
 Metaspace       used 23440K, capacity 24221K, committed 24496K, reserved 1071104K
  class space    used 3012K, capacity 3318K, committed 3328K, reserved 1048576K
GC Heap History (10 events):
Event: 79,603 GC heap after
{Heap after GC invocations=10 (full 0):
 garbage-first heap   total 119808K, used 14072K [0x00000000d1000000, 0x0000000100000000)
  region size 1024K, 1 young (1024K), 1 survivors (1024K)
 Metaspace       used 20620K, capacity 21265K, committed 21552K, reserved 1069056K
  class space    used 2602K, capacity 2861K, committed 2944K, reserved 1048576K
}
Event: 90,057 GC heap before
{Heap before GC invocations=10 (full 0):
 garbage-first heap   total 119808K, used 18168K [0x00000000d1000000, 0x0000000100000000)
  region size 1024K, 5 young (5120K), 1 survivors (1024K)
 Metaspace       used 21329K, capacity 21984K, committed 22192K, reserved 1069056K
  class space    used 2694K, capacity 2952K, committed 3072K, reserved 1048576K
}
Event: 92,274 GC heap after
{Heap after GC invocations=11 (full 0):
 garbage-first heap   total 119808K, used 14165K [0x00000000d1000000, 0x0000000100000000)
  region size 1024K, 1 young (1024K), 1 survivors (1024K)
 Metaspace       used 21329K, capacity 21984K, committed 22192K, reserved 1069056K
  class space    used 2694K, capacity 2952K, committed 3072K, reserved 1048576K
}
Event: 99,217 GC heap before
{Heap before GC invocations=11 (full 0):
 garbage-first heap   total 119808K, used 17237K [0x00000000d1000000, 0x0000000100000000)
  region size 1024K, 5 young (5120K), 1 survivors (1024K)
 Metaspace       used 21841K, capacity 22533K, committed 22832K, reserved 1069056K
  class space    used 2802K, capacity 3073K, committed 3200K, reserved 1048576K
}
Event: 100,258 GC heap after
{Heap after GC invocations=12 (full 0):
 garbage-first heap   total 119808K, used 14361K [0x00000000d1000000, 0x0000000100000000)
  region size 1024K, 1 young (1024K), 1 survivors (1024K)
 Metaspace       used 21841K, capacity 22533K, committed 22832K, reserved 1069056K
  class space    used 2802K, capacity 3073K, committed 3200K, reserved 1048576K
}
Event: 108,141 GC heap before
{Heap before GC invocations=12 (full 0):
 garbage-first heap   total 119808K, used 17433K [0x00000000d1000000, 0x0000000100000000)
  region size 1024K, 5 young (5120K), 1 survivors (1024K)
 Metaspace       used 22462K, capacity 23157K, committed 23344K, reserved 1069056K
  class space    used 2898K, capacity 3152K, committed 3200K, reserved 1048576K
}
Event: 110,059 GC heap after
{Heap after GC invocations=13 (full 0):
 garbage-first heap   total 119808K, used 14521K [0x00000000d1000000, 0x0000000100000000)
  region size 1024K, 1 young (1024K), 1 survivors (1024K)
 Metaspace       used 22462K, capacity 23157K, committed 23344K, reserved 1069056K
  class space    used 2898K, capacity 3152K, committed 3200K, reserved 1048576K
}
Event: 116,678 GC heap before
{Heap before GC invocations=13 (full 0):
 garbage-first heap   total 119808K, used 18617K [0x00000000d1000000, 0x0000000100000000)
  region size 1024K, 5 young (5120K), 1 survivors (1024K)
 Metaspace       used 22928K, capacity 23681K, committed 23984K, reserved 1071104K
  class space    used 2955K, capacity 3245K, committed 3328K, reserved 1048576K
}
Event: 117,108 GC heap after
{Heap after GC invocations=14 (full 0):
 garbage-first heap   total 119808K, used 14819K [0x00000000d1000000, 0x0000000100000000)
  region size 1024K, 1 young (1024K), 1 survivors (1024K)
 Metaspace       used 22928K, capacity 23681K, committed 23984K, reserved 1071104K
  class space    used 2955K, capacity 3245K, committed 3328K, reserved 1048576K
}
Event: 141,801 GC heap before
{Heap before GC invocations=14 (full 0):
 garbage-first heap   total 119808K, used 18915K [0x00000000d1000000, 0x0000000100000000)
  region size 1024K, 5 young (5120K), 1 survivors (1024K)
 Metaspace       used 23440K, capacity 24221K, committed 24496K, reserved 1071104K
  class space    used 3012K, capacity 3318K, committed 3328K, reserved 1048576K
}

